Using linkage method for clustering
Using RMSD cutoff 0.15 nm
The RMSD ranges from 0.0759797 to 1.09867 nm
Average RMSD is 0.509443
Number of structures for matrix 2001
Energy of the matrix is 137.013.

Found 1447 clusters

Writing middle structure for each cluster to cluster_d0.15/clust_id.pdb
Writing all structures for clusters with more than 50 structures to cluster_d0.15/clust_id.pdb%05d.pdb

cl. | #st  rmsd | middle rmsd | cluster members
  1 |   1       |      0      |      0
  2 |   1       |    100      |    100
  3 |   1       |    200      |    200
  4 |   1       |    300      |    300
  5 |   1       |    400      |    400
  6 |   1       |    500      |    500
  7 |   1       |    600      |    600
  8 |   1       |    700      |    700
  9 |   1       |    800      |    800
 10 |   1       |    900      |    900
 11 |  30  0.177 |   3600 .148 |   1000   1100   1200   1300   1400   1800   2100
    |           |             |   2200   2300   2400   2500   2600   2700   2800
    |           |             |   2900   3000   3100   3200   3300   3400   3500
    |           |             |   3600   3700   3800   3900   4000   4200   4300
    |           |             |   4400   4500
 12 |   2  0.108 |   1500 .108 |   1500   1600
 13 |   1       |   1700      |   1700
 14 |   1       |   1900      |   1900
 15 |   1       |   2000      |   2000
 16 |   1       |   4100      |   4100
 17 |   1       |   4600      |   4600
 18 |   1       |   4700      |   4700
 19 |   1       |   4800      |   4800
 20 |   1       |   4900      |   4900
 21 |   2  0.135 |   5000 .135 |   5000   5100
 22 |   2  0.130 |   5200 .130 |   5200   5300
 23 |   1       |   5400      |   5400
 24 |   1       |   5500      |   5500
 25 |   1       |   5600      |   5600
 26 |   1       |   5700      |   5700
 27 |   1       |   5800      |   5800
 28 |   1       |   5900      |   5900
 29 |   1       |   6000      |   6000
 30 |   1       |   6100      |   6100
 31 |   1       |   6200      |   6200
 32 |   1       |   6300      |   6300
 33 |   1       |   6400      |   6400
 34 |   1       |   6500      |   6500
 35 |   1       |   6600      |   6600
 36 |   1       |   6700      |   6700
 37 |   1       |   6800      |   6800
 38 |   1       |   6900      |   6900
 39 |   1       |   7000      |   7000
 40 |   1       |   7100      |   7100
 41 |   1       |   7200      |   7200
 42 |   1       |   7300      |   7300
 43 |   1       |   7400      |   7400
 44 |   1       |   7500      |   7500
 45 |   1       |   7600      |   7600
 46 |   1       |   7700      |   7700
 47 |   1       |   7800      |   7800
 48 |   1       |   7900      |   7900
 49 |   5  0.179 |   9900 .145 |   8000   9900  10100  10300  10400
 50 |   1       |   8100      |   8100
 51 |   1       |   8200      |   8200
 52 |   1       |   8300      |   8300
 53 |   1       |   8400      |   8400
 54 |   1       |   8500      |   8500
 55 |   1       |   8600      |   8600
 56 |   1       |   8700      |   8700
 57 |   1       |   8800      |   8800
 58 |   1       |   8900      |   8900
 59 |   1       |   9000      |   9000
 60 |   1       |   9100      |   9100
 61 |   1       |   9200      |   9200
 62 |   1       |   9300      |   9300
 63 |   1       |   9400      |   9400
 64 |   1       |   9500      |   9500
 65 |   1       |   9600      |   9600
 66 |   1       |   9700      |   9700
 67 |   1       |   9800      |   9800
 68 |   1       |  10000      |  10000
 69 |   1       |  10200      |  10200
 70 |   1       |  10500      |  10500
 71 |   1       |  10600      |  10600
 72 |   1       |  10700      |  10700
 73 |   1       |  10800      |  10800
 74 |   1       |  10900      |  10900
 75 |   1       |  11000      |  11000
 76 |   1       |  11100      |  11100
 77 |   2  0.135 |  11200 .135 |  11200  11300
 78 |   1       |  11400      |  11400
 79 |   1       |  11500      |  11500
 80 |   1       |  11600      |  11600
 81 |   1       |  11700      |  11700
 82 |   1       |  11800      |  11800
 83 |   1       |  11900      |  11900
 84 |   1       |  12000      |  12000
 85 |   1       |  12100      |  12100
 86 |   1       |  12200      |  12200
 87 |   1       |  12300      |  12300
 88 |   1       |  12400      |  12400
 89 |   1       |  12500      |  12500
 90 |   1       |  12600      |  12600
 91 |   1       |  12700      |  12700
 92 |   1       |  12800      |  12800
 93 |   1       |  12900      |  12900
 94 |   1       |  13000      |  13000
 95 |   1       |  13100      |  13100
 96 |   1       |  13200      |  13200
 97 |   1       |  13300      |  13300
 98 |   1       |  13400      |  13400
 99 |   1       |  13500      |  13500
100 |   1       |  13600      |  13600
101 |   1       |  13700      |  13700
102 |   1       |  13800      |  13800
103 |   1       |  13900      |  13900
104 |   1       |  14000      |  14000
105 |   1       |  14100      |  14100
106 |   1       |  14200      |  14200
107 |   1       |  14300      |  14300
108 |   1       |  14400      |  14400
109 |   1       |  14500      |  14500
110 |   1       |  14600      |  14600
111 |   1       |  14700      |  14700
112 |   1       |  14800      |  14800
113 |   1       |  14900      |  14900
114 |   1       |  15000      |  15000
115 |   1       |  15100      |  15100
116 |   1       |  15200      |  15200
117 |   1       |  15300      |  15300
118 |   2  0.150 |  15400 .150 |  15400  15600
119 |   1       |  15500      |  15500
120 |   1       |  15700      |  15700
121 |   1       |  15800      |  15800
122 |   1       |  15900      |  15900
123 |   1       |  16000      |  16000
124 |   1       |  16100      |  16100
125 |   1       |  16200      |  16200
126 |   1       |  16300      |  16300
127 |   1       |  16400      |  16400
128 |   1       |  16500      |  16500
129 |   1       |  16600      |  16600
130 |   1       |  16700      |  16700
131 |   1       |  16800      |  16800
132 |   1       |  16900      |  16900
133 |   1       |  17000      |  17000
134 |   1       |  17100      |  17100
135 |   1       |  17200      |  17200
136 |   1       |  17300      |  17300
137 |   1       |  17400      |  17400
138 |   1       |  17500      |  17500
139 |   1       |  17600      |  17600
140 |   1       |  17700      |  17700
141 |   1       |  17800      |  17800
142 |   1       |  17900      |  17900
143 |   1       |  18000      |  18000
144 |   1       |  18100      |  18100
145 |   1       |  18200      |  18200
146 |   1       |  18300      |  18300
147 |   2  0.144 |  18400 .144 |  18400  21400
148 |   1       |  18500      |  18500
149 |   1       |  18600      |  18600
150 |   1       |  18700      |  18700
151 |   3  0.161 |  20900 .143 |  18800  19000  20900
152 |   1       |  18900      |  18900
153 |   1       |  19100      |  19100
154 |   1       |  19200      |  19200
155 |   1       |  19300      |  19300
156 |   1       |  19400      |  19400
157 |   2  0.144 |  19500 .144 |  19500  21800
158 |   1       |  19600      |  19600
159 |   1       |  19700      |  19700
160 |   1       |  19800      |  19800
161 |   1       |  19900      |  19900
162 |   1       |  20000      |  20000
163 |   1       |  20100      |  20100
164 |   1       |  20200      |  20200
165 |   1       |  20300      |  20300
166 |   1       |  20400      |  20400
167 |   1       |  20500      |  20500
168 |   1       |  20600      |  20600
169 |   1       |  20700      |  20700
170 |   2  0.144 |  20800 .144 |  20800  22000
171 |   1       |  21000      |  21000
172 |   1       |  21100      |  21100
173 |   1       |  21200      |  21200
174 |   1       |  21300      |  21300
175 |   1       |  21500      |  21500
176 |   1       |  21600      |  21600
177 |   1       |  21700      |  21700
178 |   1       |  21900      |  21900
179 |   3  0.143 |  22200 .140 |  22100  22200  22300
180 |   1       |  22400      |  22400
181 |   1       |  22500      |  22500
182 |   1       |  22600      |  22600
183 |   1       |  22700      |  22700
184 |   1       |  22800      |  22800
185 |   1       |  22900      |  22900
186 |   1       |  23000      |  23000
187 |   1       |  23100      |  23100
188 |   1       |  23200      |  23200
189 |   1       |  23300      |  23300
190 |   1       |  23400      |  23400
191 |   1       |  23500      |  23500
192 |   1       |  23600      |  23600
193 |   2  0.146 |  23700 .146 |  23700  26000
194 |   1       |  23800      |  23800
195 |   1       |  23900      |  23900
196 |   1       |  24000      |  24000
197 |   2  0.124 |  24100 .124 |  24100  25000
198 |   1       |  24200      |  24200
199 |   1       |  24300      |  24300
200 |   1       |  24400      |  24400
201 |   1       |  24500      |  24500
202 |   1       |  24600      |  24600
203 |   1       |  24700      |  24700
204 |   1       |  24800      |  24800
205 |   1       |  24900      |  24900
206 |   1       |  25100      |  25100
207 |   1       |  25200      |  25200
208 |   1       |  25300      |  25300
209 |   1       |  25400      |  25400
210 |   1       |  25500      |  25500
211 |   1       |  25600      |  25600
212 |   1       |  25700      |  25700
213 |   1       |  25800      |  25800
214 |   1       |  25900      |  25900
215 |   1       |  26100      |  26100
216 |   1       |  26200      |  26200
217 |   1       |  26300      |  26300
218 |   1       |  26400      |  26400
219 |   1       |  26500      |  26500
220 |   1       |  26600      |  26600
221 |   1       |  26700      |  26700
222 |   1       |  26800      |  26800
223 |   1       |  26900      |  26900
224 |   1       |  27000      |  27000
225 |   1       |  27100      |  27100
226 |   1       |  27200      |  27200
227 |   1       |  27300      |  27300
228 |   1       |  27400      |  27400
229 |   1       |  27500      |  27500
230 |   1       |  27600      |  27600
231 |   1       |  27700      |  27700
232 |   1       |  27800      |  27800
233 |   1       |  27900      |  27900
234 |   2  0.123 |  28000 .123 |  28000  29000
235 |   1       |  28100      |  28100
236 |   2  0.147 |  28200 .147 |  28200  28500
237 |   1       |  28300      |  28300
238 |   1       |  28400      |  28400
239 |   1       |  28600      |  28600
240 |   2  0.132 |  28700 .132 |  28700 103400
241 |   1       |  28800      |  28800
242 |   1       |  28900      |  28900
243 |   1       |  29100      |  29100
244 |   1       |  29200      |  29200
245 |   1       |  29300      |  29300
246 |   1       |  29400      |  29400
247 |   3  0.154 | 164700 .141 |  29500 164700 165100
248 |   1       |  29600      |  29600
249 |   1       |  29700      |  29700
250 |   7  0.178 |  93000 .163 |  29800  93000  99900 100000 101300 168300 193700
251 |   1       |  29900      |  29900
252 |   1       |  30000      |  30000
253 | 185  0.305 | 101600 .246 |  30100  30800  31000  31100  32200  32500  32600
    |           |             |  40500  42200  48000  49100  49300  49400  62300
    |           |             |  62400  62600  63700  64600  65000  65100  65300
    |           |             |  65400  66000  66100  66300  66600  67100  77900
    |           |             |  78200  78600  78700  78900  79000  79400  79500
    |           |             |  79600  79700  79800  80200  82600  82700  83700
    |           |             |  83900  84000  84300  84500  89000  89600  90500
    |           |             |  90800  91600  92500  92700  92900  93100  93200
    |           |             |  93300  93600  93800  94000  94100  94200  94300
    |           |             |  95000  95700  95800  95900  96000  96400  96500
    |           |             |  97500  97700  97900  98000  98600  98700  98800
    |           |             |  99500  99600 100200 100400 100500 100600 100700
    |           |             | 101400 101500 101600 101800 103600 117000 118200
    |           |             | 119100 119700 119900 120100 135700 135800 136000
    |           |             | 138500 147500 148100 148200 148500 149200 149400
    |           |             | 149900 150200 150400 150800 151100 151200 151400
    |           |             | 151500 151800 152000 153300 153600 153700 154200
    |           |             | 155700 156200 156300 156400 165400 166600 168500
    |           |             | 168800 169300 169600 170800 172100 172200 175700
    |           |             | 176100 176300 176400 176600 177200 177900 179900
    |           |             | 180100 180200 180700 180800 180900 181500 182400
    |           |             | 183000 183100 183200 183300 184100 184600 186000
    |           |             | 186200 186400 186500 186800 186900 187100 187300
    |           |             | 187400 188100 188700 189000 189200 189700 191900
    |           |             | 192000 192400 192500 192600 192900 193200 193400
    |           |             | 193500 194100 194200 194500 194600 194700 195300
    |           |             | 195400 195600 196200
254 |   1       |  30200      |  30200
255 |   1       |  30300      |  30300
256 |   2  0.138 |  30400 .138 |  30400 184400
257 |   1       |  30500      |  30500
258 |   1       |  30600      |  30600
259 |   1       |  30700      |  30700
260 |   1       |  30900      |  30900
261 |   1       |  31200      |  31200
262 |   1       |  31300      |  31300
263 |   1       |  31400      |  31400
264 |   1       |  31500      |  31500
265 |   1       |  31600      |  31600
266 |   1       |  31700      |  31700
267 |   1       |  31800      |  31800
268 |   1       |  31900      |  31900
269 |   1       |  32000      |  32000
270 |   1       |  32100      |  32100
271 |   1       |  32300      |  32300
272 |   1       |  32400      |  32400
273 |   1       |  32700      |  32700
274 |   1       |  32800      |  32800
275 |   1       |  32900      |  32900
276 |   1       |  33000      |  33000
277 |   1       |  33100      |  33100
278 |   1       |  33200      |  33200
279 |   1       |  33300      |  33300
280 |   1       |  33400      |  33400
281 |   2  0.146 |  33500 .146 |  33500  33600
282 |   2  0.138 |  33700 .138 |  33700  33800
283 |   2  0.129 |  33900 .129 |  33900  34100
284 |   7  0.166 |  35200 .144 |  34000  34200  35100  35200  35300  35500  35600
285 |   1       |  34300      |  34300
286 |   1       |  34400      |  34400
287 |   1       |  34500      |  34500
288 |   1       |  34600      |  34600
289 |   1       |  34700      |  34700
290 |   1       |  34800      |  34800
291 |   1       |  34900      |  34900
292 |   1       |  35000      |  35000
293 |   1       |  35400      |  35400
294 |   1       |  35700      |  35700
295 |   1       |  35800      |  35800
296 |   2  0.142 |  35900 .142 |  35900  36100
297 |   1       |  36000      |  36000
298 |   1       |  36200      |  36200
299 |   1       |  36300      |  36300
300 |   1       |  36400      |  36400
301 |   1       |  36500      |  36500
302 |   2  0.144 |  36600 .144 |  36600  36800
303 |   1       |  36700      |  36700
304 |   1       |  36900      |  36900
305 |   1       |  37000      |  37000
306 |   2  0.115 |  37100 .115 |  37100  37400
307 |   1       |  37200      |  37200
308 |   2  0.124 |  37300 .124 |  37300  37500
309 |   2  0.149 |  37600 .149 |  37600  37700
310 |   1       |  37800      |  37800
311 |   1       |  37900      |  37900
312 |   1       |  38000      |  38000
313 |   1       |  38100      |  38100
314 |   1       |  38200      |  38200
315 |   1       |  38300      |  38300
316 |   1       |  38400      |  38400
317 |   1       |  38500      |  38500
318 |   1       |  38600      |  38600
319 |   1       |  38700      |  38700
320 |   1       |  38800      |  38800
321 |   1       |  38900      |  38900
322 |   1       |  39000      |  39000
323 |   1       |  39100      |  39100
324 |   3  0.170 |  40900 .146 |  39200  40700  40900
325 |   1       |  39300      |  39300
326 |   1       |  39400      |  39400
327 |   1       |  39500      |  39500
328 |   1       |  39600      |  39600
329 |   1       |  39700      |  39700
330 |   1       |  39800      |  39800
331 |   1       |  39900      |  39900
332 |   1       |  40000      |  40000
333 |   1       |  40100      |  40100
334 |   1       |  40200      |  40200
335 |   1       |  40300      |  40300
336 |   1       |  40400      |  40400
337 |   1       |  40600      |  40600
338 |   1       |  40800      |  40800
339 |   1       |  41000      |  41000
340 |   1       |  41100      |  41100
341 |   1       |  41200      |  41200
342 |   1       |  41300      |  41300
343 |   1       |  41400      |  41400
344 |   1       |  41500      |  41500
345 |   8  0.177 | 184200 .157 |  41600 154000 154600 179000 179600 184200 187600
    |           |             | 189600
346 |   1       |  41700      |  41700
347 |   3  0.150 |  41800 .143 |  41800 148800 169800
348 |   1       |  41900      |  41900
349 |   1       |  42000      |  42000
350 |   1       |  42100      |  42100
351 |   1       |  42300      |  42300
352 |   1       |  42400      |  42400
353 |   1       |  42500      |  42500
354 |   2  0.140 |  42600 .140 |  42600  49000
355 |   1       |  42700      |  42700
356 |   1       |  42800      |  42800
357 |   1       |  42900      |  42900
358 |   1       |  43000      |  43000
359 |   1       |  43100      |  43100
360 |   1       |  43200      |  43200
361 |   1       |  43300      |  43300
362 |   1       |  43400      |  43400
363 |   1       |  43500      |  43500
364 |   1       |  43600      |  43600
365 |   2  0.115 |  43700 .115 |  43700  43800
366 |   1       |  43900      |  43900
367 |   1       |  44000      |  44000
368 |   1       |  44100      |  44100
369 |   1       |  44200      |  44200
370 |   1       |  44300      |  44300
371 |   1       |  44400      |  44400
372 |   1       |  44500      |  44500
373 |  85  0.273 |  71500 .215 |  44600  67900  68000  68100  68200  68300  68400
    |           |             |  68500  68600  68700  68800  69800  69900  70100
    |           |             |  70300  70700  70800  70900  71200  71300  71400
    |           |             |  71500  71600  71700  71800  72500  72600  73600
    |           |             |  73700  73800  74200  74300  75100  75400  75800
    |           |             |  75900  76000  86900  87000  87300  87400  87500
    |           |             |  87600  87700  87800  88400 123800 128300 130000
    |           |             | 130100 130200 130300 130400 130500 130700 131100
    |           |             | 131200 131700 131800 131900 132100 132200 132300
    |           |             | 132400 132500 132600 132700 132800 132900 133000
    |           |             | 133100 133200 133300 133400 133500 133700 133800
    |           |             | 134000 134300 134400 134500 134600 134700 134900
    |           |             | 135000
374 |  25  0.211 |  45700 .169 |  44700  44800  45100  45200  45300  45600  45700
    |           |             |  45800  45900  46000  46200  46600  47100  69500
    |           |             |  72200  72300  72400  73500  74900 124000 127500
    |           |             | 129400 129600 129800 129900
375 |   1       |  44900      |  44900
376 |   1       |  45000      |  45000
377 |   1       |  45400      |  45400
378 |   1       |  45500      |  45500
379 |   7  0.172 |  46100 .150 |  46100  46500  71900 128800 129100 129200 129500
380 |   1       |  46300      |  46300
381 |   1       |  46400      |  46400
382 |  18  0.196 | 126400 .173 |  46700  46800  73400  74600  74800  76100 125900
    |           |             | 126000 126100 126200 126300 126400 126500 126700
    |           |             | 126800 127100 127200 127300
383 |   1       |  46900      |  46900
384 |   1       |  47000      |  47000
385 |   2  0.140 |  47200 .140 |  47200 137700
386 |   1       |  47300      |  47300
387 |   1       |  47400      |  47400
388 |   1       |  47500      |  47500
389 |   1       |  47600      |  47600
390 |   1       |  47700      |  47700
391 |   1       |  47800      |  47800
392 |   1       |  47900      |  47900
393 |   1       |  48100      |  48100
394 |   1       |  48200      |  48200
395 |   1       |  48300      |  48300
396 |   1       |  48400      |  48400
397 |   1       |  48500      |  48500
398 |   1       |  48600      |  48600
399 |   1       |  48700      |  48700
400 |   1       |  48800      |  48800
401 |   1       |  48900      |  48900
402 |   1       |  49200      |  49200
403 |   1       |  49500      |  49500
404 |   1       |  49600      |  49600
405 |   1       |  49700      |  49700
406 |   1       |  49800      |  49800
407 |   3  0.138 |  49900 .135 |  49900  50100 122500
408 |   1       |  50000      |  50000
409 |   1       |  50200      |  50200
410 |   1       |  50300      |  50300
411 |   1       |  50400      |  50400
412 |   1       |  50500      |  50500
413 |   1       |  50600      |  50600
414 |   1       |  50700      |  50700
415 |   4  0.168 |  51300 .143 |  50800  51300 170900 172000
416 |   1       |  50900      |  50900
417 |   1       |  51000      |  51000
418 |   1       |  51100      |  51100
419 |   1       |  51200      |  51200
420 |   1       |  51400      |  51400
421 |   1       |  51500      |  51500
422 |   1       |  51600      |  51600
423 |   3  0.153 | 180000 .148 |  51700  63900 180000
424 |   1       |  51800      |  51800
425 |   1       |  51900      |  51900
426 |   1       |  52000      |  52000
427 |   1       |  52100      |  52100
428 |   1       |  52200      |  52200
429 |   1       |  52300      |  52300
430 |   1       |  52400      |  52400
431 |   1       |  52500      |  52500
432 |   1       |  52600      |  52600
433 |   1       |  52700      |  52700
434 |   1       |  52800      |  52800
435 |   1       |  52900      |  52900
436 |   1       |  53000      |  53000
437 |   1       |  53100      |  53100
438 |   1       |  53200      |  53200
439 |   1       |  53300      |  53300
440 |   1       |  53400      |  53400
441 |   1       |  53500      |  53500
442 |   1       |  53600      |  53600
443 |   1       |  53700      |  53700
444 |   1       |  53800      |  53800
445 |   1       |  53900      |  53900
446 |   1       |  54000      |  54000
447 |   2  0.140 |  54100 .140 |  54100  54200
448 |   1       |  54300      |  54300
449 |   1       |  54400      |  54400
450 |   1       |  54500      |  54500
451 |   1       |  54600      |  54600
452 |   1       |  54700      |  54700
453 |   1       |  54800      |  54800
454 |   1       |  54900      |  54900
455 |   1       |  55000      |  55000
456 |   1       |  55100      |  55100
457 |   1       |  55200      |  55200
458 |   1       |  55300      |  55300
459 |   1       |  55400      |  55400
460 |   1       |  55500      |  55500
461 |   1       |  55600      |  55600
462 |   1       |  55700      |  55700
463 |   1       |  55800      |  55800
464 |   1       |  55900      |  55900
465 |   2  0.141 |  56000 .141 |  56000  56500
466 |   1       |  56100      |  56100
467 |   1       |  56200      |  56200
468 |   4  0.153 |  60800 .143 |  56300  60600  60700  60800
469 |   1       |  56400      |  56400
470 |   1       |  56600      |  56600
471 |   1       |  56700      |  56700
472 |   1       |  56800      |  56800
473 |   1       |  56900      |  56900
474 |   1       |  57000      |  57000
475 |   2  0.104 |  57100 .104 |  57100  57200
476 |   1       |  57300      |  57300
477 |   1       |  57400      |  57400
478 |   1       |  57500      |  57500
479 |   1       |  57600      |  57600
480 |   1       |  57700      |  57700
481 |   1       |  57800      |  57800
482 |   1       |  57900      |  57900
483 |   1       |  58000      |  58000
484 |   1       |  58100      |  58100
485 |   1       |  58200      |  58200
486 |   1       |  58300      |  58300
487 |   1       |  58400      |  58400
488 |   2  0.100 |  58500 .100 |  58500  59500
489 |   1       |  58600      |  58600
490 |   1       |  58700      |  58700
491 |   1       |  58800      |  58800
492 |   1       |  58900      |  58900
493 |   1       |  59000      |  59000
494 |   1       |  59100      |  59100
495 |   1       |  59200      |  59200
496 |   1       |  59300      |  59300
497 |   1       |  59400      |  59400
498 |   1       |  59600      |  59600
499 |   1       |  59700      |  59700
500 |   1       |  59800      |  59800
501 |   1       |  59900      |  59900
502 |   1       |  60000      |  60000
503 |   1       |  60100      |  60100
504 |   1       |  60200      |  60200
505 |   1       |  60300      |  60300
506 |   1       |  60400      |  60400
507 |   1       |  60500      |  60500
508 |   1       |  60900      |  60900
509 |   1       |  61000      |  61000
510 |   1       |  61100      |  61100
511 |   1       |  61200      |  61200
512 |   1       |  61300      |  61300
513 |   1       |  61400      |  61400
514 |   1       |  61500      |  61500
515 |   1       |  61600      |  61600
516 |   1       |  61700      |  61700
517 |   1       |  61800      |  61800
518 |   1       |  61900      |  61900
519 |   1       |  62000      |  62000
520 |   1       |  62100      |  62100
521 |   1       |  62200      |  62200
522 |   1       |  62500      |  62500
523 |   1       |  62700      |  62700
524 |   1       |  62800      |  62800
525 |   1       |  62900      |  62900
526 |   1       |  63000      |  63000
527 |   1       |  63100      |  63100
528 |   1       |  63200      |  63200
529 |   1       |  63300      |  63300
530 |   1       |  63400      |  63400
531 |   1       |  63500      |  63500
532 |   1       |  63600      |  63600
533 |   1       |  63800      |  63800
534 |   5  0.185 | 186600 .161 |  64000  79300 171200 186600 193300
535 |   4  0.157 |  64100 .138 |  64100  66500 154700 154800
536 |   2  0.125 |  64200 .125 |  64200 194800
537 |   1       |  64300      |  64300
538 |   1       |  64400      |  64400
539 |   1       |  64500      |  64500
540 |   1       |  64700      |  64700
541 |   1       |  64800      |  64800
542 |   1       |  64900      |  64900
543 |   1       |  65200      |  65200
544 |   1       |  65500      |  65500
545 |   1       |  65600      |  65600
546 |   1       |  65700      |  65700
547 |   1       |  65800      |  65800
548 |   1       |  65900      |  65900
549 |   1       |  66200      |  66200
550 |   1       |  66400      |  66400
551 |   1       |  66700      |  66700
552 |   9  0.208 | 184900 .178 |  66800  93500 101700 103700 138200 138400 172700
    |           |             | 184900 188600
553 |   1       |  66900      |  66900
554 |   1       |  67000      |  67000
555 |   1       |  67200      |  67200
556 |   1       |  67300      |  67300
557 |   1       |  67400      |  67400
558 |   1       |  67500      |  67500
559 |   1       |  67600      |  67600
560 |   1       |  67700      |  67700
561 |   1       |  67800      |  67800
562 |   2  0.112 |  68900 .112 |  68900  69100
563 |   4  0.158 |  72000 .136 |  69000  72000  72100  87200
564 |   1       |  69200      |  69200
565 |   1       |  69300      |  69300
566 |   1       |  69400      |  69400
567 |   1       |  69600      |  69600
568 |   1       |  69700      |  69700
569 |   1       |  70000      |  70000
570 |   1       |  70200      |  70200
571 |   1       |  70400      |  70400
572 |   1       |  70500      |  70500
573 |   1       |  70600      |  70600
574 |   1       |  71000      |  71000
575 |   1       |  71100      |  71100
576 |   9  0.154 |  73200 .122 |  72700  72800  72900  73000  73100  73200 123100
    |           |             | 127600 127700
577 |   1       |  73300      |  73300
578 |   1       |  73900      |  73900
579 |   1       |  74000      |  74000
580 |   1       |  74100      |  74100
581 |   1       |  74400      |  74400
582 |   1       |  74500      |  74500
583 |   1       |  74700      |  74700
584 |   1       |  75000      |  75000
585 |   1       |  75200      |  75200
586 |   1       |  75300      |  75300
587 |   1       |  75500      |  75500
588 |   1       |  75600      |  75600
589 |   1       |  75700      |  75700
590 |   1       |  76200      |  76200
591 |   1       |  76300      |  76300
592 |   1       |  76400      |  76400
593 |   1       |  76500      |  76500
594 |   1       |  76600      |  76600
595 |   1       |  76700      |  76700
596 |   1       |  76800      |  76800
597 |   1       |  76900      |  76900
598 |   3  0.148 | 155900 .140 |  77000 155900 156000
599 |   1       |  77100      |  77100
600 |   1       |  77200      |  77200
601 |   2  0.147 |  77300 .147 |  77300 173400
602 |   1       |  77400      |  77400
603 |   1       |  77500      |  77500
604 |   1       |  77600      |  77600
605 |   1       |  77700      |  77700
606 |   1       |  77800      |  77800
607 |   2  0.147 |  78000 .147 |  78000 118600
608 |   1       |  78100      |  78100
609 |   2  0.147 |  78300 .147 |  78300 175900
610 |   1       |  78400      |  78400
611 |   2  0.146 |  78500 .146 |  78500 118100
612 |   1       |  78800      |  78800
613 |   1       |  79100      |  79100
614 |   1       |  79200      |  79200
615 |   2  0.132 |  79900 .132 |  79900 195000
616 |   1       |  80000      |  80000
617 |   1       |  80100      |  80100
618 |   1       |  80300      |  80300
619 |   1       |  80400      |  80400
620 |   1       |  80500      |  80500
621 |   1       |  80600      |  80600
622 |   1       |  80700      |  80700
623 |   1       |  80800      |  80800
624 |   1       |  80900      |  80900
625 |   1       |  81000      |  81000
626 |   2  0.142 |  81100 .142 |  81100  81400
627 |   1       |  81200      |  81200
628 |   1       |  81300      |  81300
629 |   1       |  81500      |  81500
630 |   1       |  81600      |  81600
631 |   1       |  81700      |  81700
632 |   1       |  81800      |  81800
633 |   1       |  81900      |  81900
634 |   1       |  82000      |  82000
635 |   1       |  82100      |  82100
636 |   1       |  82200      |  82200
637 |   1       |  82300      |  82300
638 |   1       |  82400      |  82400
639 |   3  0.162 | 116500 .146 |  82500 116300 116500
640 |   3  0.165 | 192200 .141 |  82800 192100 192200
641 |   1       |  82900      |  82900
642 |   1       |  83000      |  83000
643 |   1       |  83100      |  83100
644 |   1       |  83200      |  83200
645 |   1       |  83300      |  83300
646 |   1       |  83400      |  83400
647 |   1       |  83500      |  83500
648 |   1       |  83600      |  83600
649 |   1       |  83800      |  83800
650 |   1       |  84100      |  84100
651 |   2  0.149 |  84200 .149 |  84200 175600
652 |   1       |  84400      |  84400
653 |   1       |  84600      |  84600
654 |   2  0.149 |  84700 .149 |  84700  84800
655 |   1       |  84900      |  84900
656 |   1       |  85000      |  85000
657 |   1       |  85100      |  85100
658 |   1       |  85200      |  85200
659 |   1       |  85300      |  85300
660 |   1       |  85400      |  85400
661 |   1       |  85500      |  85500
662 |   1       |  85600      |  85600
663 |   1       |  85700      |  85700
664 |   1       |  85800      |  85800
665 |   1       |  85900      |  85900
666 |   1       |  86000      |  86000
667 |   1       |  86100      |  86100
668 |   1       |  86200      |  86200
669 |   1       |  86300      |  86300
670 |   1       |  86400      |  86400
671 |   3  0.160 |  86600 .137 |  86500  86600  86700
672 |   1       |  86800      |  86800
673 |   1       |  87100      |  87100
674 |   1       |  87900      |  87900
675 |   1       |  88000      |  88000
676 |   1       |  88100      |  88100
677 |   1       |  88200      |  88200
678 |   1       |  88300      |  88300
679 |   1       |  88500      |  88500
680 |   1       |  88600      |  88600
681 |   1       |  88700      |  88700
682 |   1       |  88800      |  88800
683 |   2  0.144 |  88900 .144 |  88900 103800
684 |   1       |  89100      |  89100
685 |   1       |  89200      |  89200
686 |   1       |  89300      |  89300
687 |   1       |  89400      |  89400
688 |   3  0.136 |  90300 .126 |  89500  90300  90600
689 |   1       |  89700      |  89700
690 |   1       |  89800      |  89800
691 |   2  0.145 |  89900 .145 |  89900  91000
692 |   1       |  90000      |  90000
693 |   1       |  90100      |  90100
694 |   1       |  90200      |  90200
695 |   1       |  90400      |  90400
696 |   1       |  90700      |  90700
697 |   1       |  90900      |  90900
698 |   1       |  91100      |  91100
699 |   1       |  91200      |  91200
700 |   1       |  91300      |  91300
701 |   1       |  91400      |  91400
702 |   1       |  91500      |  91500
703 |   1       |  91700      |  91700
704 |   1       |  91800      |  91800
705 |   1       |  91900      |  91900
706 |   1       |  92000      |  92000
707 |   1       |  92100      |  92100
708 |   1       |  92200      |  92200
709 |   1       |  92300      |  92300
710 |   1       |  92400      |  92400
711 |   1       |  92600      |  92600
712 |   1       |  92800      |  92800
713 |   1       |  93400      |  93400
714 |   1       |  93700      |  93700
715 |   1       |  93900      |  93900
716 |   1       |  94400      |  94400
717 |   1       |  94500      |  94500
718 |   1       |  94600      |  94600
719 |   1       |  94700      |  94700
720 |   1       |  94800      |  94800
721 |   1       |  94900      |  94900
722 |   1       |  95100      |  95100
723 |   1       |  95200      |  95200
724 |   2  0.139 |  95300 .139 |  95300 102000
725 |   1       |  95400      |  95400
726 |   1       |  95500      |  95500
727 |   1       |  95600      |  95600
728 |   1       |  96100      |  96100
729 |   1       |  96200      |  96200
730 |   1       |  96300      |  96300
731 |   2  0.142 |  96600 .142 |  96600 153200
732 |   1       |  96700      |  96700
733 |   1       |  96800      |  96800
734 |   1       |  96900      |  96900
735 |   1       |  97000      |  97000
736 |   1       |  97100      |  97100
737 |   1       |  97200      |  97200
738 |   1       |  97300      |  97300
739 |   1       |  97400      |  97400
740 |   1       |  97600      |  97600
741 |   1       |  97800      |  97800
742 |   1       |  98100      |  98100
743 |   1       |  98200      |  98200
744 |   1       |  98300      |  98300
745 |   1       |  98400      |  98400
746 |   4  0.164 | 185700 .140 |  98500 100800 185700 195800
747 |   1       |  98900      |  98900
748 |   1       |  99000      |  99000
749 |   1       |  99100      |  99100
750 |   2  0.146 |  99200 .146 |  99200 171300
751 |   1       |  99300      |  99300
752 |   1       |  99400      |  99400
753 |   1       |  99700      |  99700
754 |   1       |  99800      |  99800
755 |   1       | 100100      | 100100
756 |   1       | 100300      | 100300
757 |   1       | 100900      | 100900
758 |   1       | 101000      | 101000
759 |   1       | 101100      | 101100
760 |   2  0.148 | 101200 .148 | 101200 102900
761 |   1       | 101900      | 101900
762 |   1       | 102100      | 102100
763 |   1       | 102200      | 102200
764 |   1       | 102300      | 102300
765 |   1       | 102400      | 102400
766 |   1       | 102500      | 102500
767 |   1       | 102600      | 102600
768 |   1       | 102700      | 102700
769 |   1       | 102800      | 102800
770 |   1       | 103000      | 103000
771 |   1       | 103100      | 103100
772 |   1       | 103200      | 103200
773 |   1       | 103300      | 103300
774 |   1       | 103500      | 103500
775 |   1       | 103900      | 103900
776 |   1       | 104000      | 104000
777 |   1       | 104100      | 104100
778 |   1       | 104200      | 104200
779 |   1       | 104300      | 104300
780 |   1       | 104400      | 104400
781 |   1       | 104500      | 104500
782 |   1       | 104600      | 104600
783 |   3  0.147 | 174300 .134 | 104700 174300 174500
784 |   2  0.138 | 104800 .138 | 104800 105600
785 |   1       | 104900      | 104900
786 |   2  0.136 | 105000 .136 | 105000 146300
787 |   1       | 105100      | 105100
788 |   1       | 105200      | 105200
789 |   1       | 105300      | 105300
790 |   1       | 105400      | 105400
791 |   3  0.133 | 174000 .129 | 105500 174000 174100
792 |   1       | 105700      | 105700
793 |   1       | 105800      | 105800
794 |   1       | 105900      | 105900
795 |   1       | 106000      | 106000
796 |   9  0.185 | 143200 .158 | 106100 106300 106500 107000 141900 142100 143000
    |           |             | 143200 143900
797 |   1       | 106200      | 106200
798 |   1       | 106400      | 106400
799 |   4  0.165 | 142900 .140 | 106600 106700 142000 142900
800 |   1       | 106800      | 106800
801 |   1       | 106900      | 106900
802 |   1       | 107100      | 107100
803 |   1       | 107200      | 107200
804 |   2  0.129 | 107300 .129 | 107300 175100
805 |   1       | 107400      | 107400
806 |   1       | 107500      | 107500
807 |   1       | 107600      | 107600
808 |   1       | 107700      | 107700
809 |   1       | 107800      | 107800
810 |   1       | 107900      | 107900
811 |   1       | 108000      | 108000
812 |   1       | 108100      | 108100
813 |   1       | 108200      | 108200
814 |   1       | 108300      | 108300
815 |   1       | 108400      | 108400
816 |   1       | 108500      | 108500
817 |   1       | 108600      | 108600
818 |   1       | 108700      | 108700
819 |   1       | 108800      | 108800
820 |   1       | 108900      | 108900
821 |   2  0.148 | 109000 .148 | 109000 197200
822 |   1       | 109100      | 109100
823 |   2  0.146 | 109200 .146 | 109200 114100
824 |   1       | 109300      | 109300
825 |   1       | 109400      | 109400
826 |   1       | 109500      | 109500
827 |   1       | 109600      | 109600
828 |   1       | 109700      | 109700
829 |   1       | 109800      | 109800
830 |   1       | 109900      | 109900
831 |   1       | 110000      | 110000
832 |   1       | 110100      | 110100
833 |   1       | 110200      | 110200
834 |   1       | 110300      | 110300
835 |   1       | 110400      | 110400
836 |   1       | 110500      | 110500
837 |   1       | 110600      | 110600
838 |   1       | 110700      | 110700
839 |   1       | 110800      | 110800
840 |   1       | 110900      | 110900
841 |   1       | 111000      | 111000
842 |   1       | 111100      | 111100
843 |   1       | 111200      | 111200
844 |   1       | 111300      | 111300
845 |   1       | 111400      | 111400
846 |   1       | 111500      | 111500
847 |   1       | 111600      | 111600
848 |   1       | 111700      | 111700
849 |   1       | 111800      | 111800
850 |   1       | 111900      | 111900
851 |   1       | 112000      | 112000
852 |   1       | 112100      | 112100
853 |   1       | 112200      | 112200
854 |   1       | 112300      | 112300
855 |   1       | 112400      | 112400
856 |   1       | 112500      | 112500
857 |   1       | 112600      | 112600
858 |   1       | 112700      | 112700
859 |   1       | 112800      | 112800
860 |   1       | 112900      | 112900
861 |   1       | 113000      | 113000
862 |   1       | 113100      | 113100
863 |   1       | 113200      | 113200
864 |   1       | 113300      | 113300
865 |   4  0.160 | 197100 .145 | 113400 113800 114000 197100
866 |   1       | 113500      | 113500
867 |   1       | 113600      | 113600
868 |   1       | 113700      | 113700
869 |   1       | 113900      | 113900
870 |   3  0.146 | 116100 .136 | 114200 115900 116100
871 |   1       | 114300      | 114300
872 |   1       | 114400      | 114400
873 |   1       | 114500      | 114500
874 |   1       | 114600      | 114600
875 |   1       | 114700      | 114700
876 |   1       | 114800      | 114800
877 |   1       | 114900      | 114900
878 |   1       | 115000      | 115000
879 |   1       | 115100      | 115100
880 |   1       | 115200      | 115200
881 |   1       | 115300      | 115300
882 |   1       | 115400      | 115400
883 |   1       | 115500      | 115500
884 |   1       | 115600      | 115600
885 |   2  0.147 | 115700 .147 | 115700 116200
886 |   1       | 115800      | 115800
887 |   1       | 116000      | 116000
888 |   1       | 116400      | 116400
889 |   1       | 116600      | 116600
890 |   1       | 116700      | 116700
891 |   1       | 116800      | 116800
892 |   1       | 116900      | 116900
893 |   1       | 117100      | 117100
894 |   1       | 117200      | 117200
895 |   1       | 117300      | 117300
896 |   1       | 117400      | 117400
897 |   1       | 117500      | 117500
898 |   1       | 117600      | 117600
899 |   1       | 117700      | 117700
900 |   1       | 117800      | 117800
901 |   1       | 117900      | 117900
902 |   1       | 118000      | 118000
903 |   2  0.134 | 118300 .134 | 118300 193000
904 |   1       | 118400      | 118400
905 |   1       | 118500      | 118500
906 |   1       | 118700      | 118700
907 |   2  0.142 | 118800 .142 | 118800 179800
908 |   1       | 118900      | 118900
909 |   1       | 119000      | 119000
910 |   1       | 119200      | 119200
911 |   1       | 119300      | 119300
912 |   2  0.150 | 119400 .150 | 119400 196300
913 |   1       | 119500      | 119500
914 |   1       | 119600      | 119600
915 |   2  0.126 | 119800 .126 | 119800 185800
916 |   1       | 120000      | 120000
917 |   1       | 120200      | 120200
918 |   1       | 120300      | 120300
919 |   1       | 120400      | 120400
920 |   1       | 120500      | 120500
921 |   1       | 120600      | 120600
922 |   1       | 120700      | 120700
923 |   1       | 120800      | 120800
924 |   1       | 120900      | 120900
925 |   1       | 121000      | 121000
926 |   2  0.145 | 121100 .145 | 121100 124500
927 |   1       | 121200      | 121200
928 |   1       | 121300      | 121300
929 |   1       | 121400      | 121400
930 |   1       | 121500      | 121500
931 |   4  0.155 | 121600 .141 | 121600 121700 122900 123000
932 |   2  0.146 | 121800 .146 | 121800 121900
933 |   1       | 122000      | 122000
934 |   1       | 122100      | 122100
935 |   1       | 122200      | 122200
936 |   1       | 122300      | 122300
937 |   1       | 122400      | 122400
938 |   1       | 122600      | 122600
939 |   1       | 122700      | 122700
940 |   1       | 122800      | 122800
941 |   1       | 123200      | 123200
942 |   1       | 123300      | 123300
943 |   2  0.115 | 123400 .115 | 123400 124100
944 |   1       | 123500      | 123500
945 |   1       | 123600      | 123600
946 |   1       | 123700      | 123700
947 |   1       | 123900      | 123900
948 |   1       | 124200      | 124200
949 |   1       | 124300      | 124300
950 |   2  0.134 | 124400 .134 | 124400 124700
951 |   1       | 124600      | 124600
952 |   4  0.142 | 124800 .133 | 124800 126600 128900 129000
953 |   1       | 124900      | 124900
954 |   2  0.134 | 125000 .134 | 125000 125800
955 |   1       | 125100      | 125100
956 |   1       | 125200      | 125200
957 |   3  0.163 | 125500 .139 | 125300 125400 125500
958 |   2  0.091 | 125600 .091 | 125600 125700
959 |   1       | 126900      | 126900
960 |   1       | 127000      | 127000
961 |   1       | 127400      | 127400
962 |   1       | 127800      | 127800
963 |   1       | 127900      | 127900
964 |   2  0.106 | 128000 .106 | 128000 128100
965 |   1       | 128200      | 128200
966 |   1       | 128400      | 128400
967 |   1       | 128500      | 128500
968 |   2  0.128 | 128600 .128 | 128600 128700
969 |   1       | 129300      | 129300
970 |   1       | 129700      | 129700
971 |   1       | 130600      | 130600
972 |   1       | 130800      | 130800
973 |   2  0.116 | 130900 .116 | 130900 131000
974 |   1       | 131300      | 131300
975 |   3  0.135 | 131500 .131 | 131400 131500 131600
976 |   1       | 132000      | 132000
977 |   1       | 133600      | 133600
978 |   1       | 133900      | 133900
979 |   1       | 134100      | 134100
980 |   1       | 134200      | 134200
981 |   1       | 134800      | 134800
982 |   1       | 135100      | 135100
983 |   1       | 135200      | 135200
984 |   1       | 135300      | 135300
985 |   1       | 135400      | 135400
986 |   1       | 135500      | 135500
987 |   1       | 135600      | 135600
988 |   1       | 135900      | 135900
989 |   1       | 136100      | 136100
990 |   1       | 136200      | 136200
991 |   3  0.171 | 190900 .149 | 136300 190800 190900
992 |   1       | 136400      | 136400
993 |   1       | 136500      | 136500
994 |   2  0.142 | 136600 .142 | 136600 165900
995 |   1       | 136700      | 136700
996 |   1       | 136800      | 136800
997 |   1       | 136900      | 136900
998 |   1       | 137000      | 137000
999 |   1       | 137100      | 137100
1000 |   1       | 137200      | 137200
1001 |   1       | 137300      | 137300
1002 |   1       | 137400      | 137400
1003 |   1       | 137500      | 137500
1004 |   1       | 137600      | 137600
1005 |   1       | 137800      | 137800
1006 |   1       | 137900      | 137900
1007 |   1       | 138000      | 138000
1008 |   1       | 138100      | 138100
1009 |   1       | 138300      | 138300
1010 |   1       | 138600      | 138600
1011 |   1       | 138700      | 138700
1012 |   1       | 138800      | 138800
1013 |   2  0.149 | 138900 .149 | 138900 169400
1014 |   1       | 139000      | 139000
1015 |   1       | 139100      | 139100
1016 |   2  0.120 | 139200 .120 | 139200 172400
1017 |   1       | 139300      | 139300
1018 |   1       | 139400      | 139400
1019 |   1       | 139500      | 139500
1020 |   1       | 139600      | 139600
1021 |   1       | 139700      | 139700
1022 |   2  0.147 | 139800 .147 | 139800 140100
1023 |   1       | 139900      | 139900
1024 |   1       | 140000      | 140000
1025 |   1       | 140200      | 140200
1026 |   1       | 140300      | 140300
1027 |   1       | 140400      | 140400
1028 |   1       | 140500      | 140500
1029 |   1       | 140600      | 140600
1030 |   1       | 140700      | 140700
1031 |   1       | 140800      | 140800
1032 |   1       | 140900      | 140900
1033 |   1       | 141000      | 141000
1034 |   1       | 141100      | 141100
1035 |   1       | 141200      | 141200
1036 |   1       | 141300      | 141300
1037 |   1       | 141400      | 141400
1038 |   1       | 141500      | 141500
1039 |   1       | 141600      | 141600
1040 |   1       | 141700      | 141700
1041 |   1       | 141800      | 141800
1042 |   1       | 142200      | 142200
1043 |   6  0.171 | 142700 .148 | 142300 142400 142500 142600 142700 142800
1044 |   1       | 143100      | 143100
1045 |   1       | 143300      | 143300
1046 |   1       | 143400      | 143400
1047 |   1       | 143500      | 143500
1048 |   1       | 143600      | 143600
1049 |   1       | 143700      | 143700
1050 |   1       | 143800      | 143800
1051 |   1       | 144000      | 144000
1052 |   1       | 144100      | 144100
1053 |   1       | 144200      | 144200
1054 |   1       | 144300      | 144300
1055 |   1       | 144400      | 144400
1056 |   1       | 144500      | 144500
1057 |   1       | 144600      | 144600
1058 |   1       | 144700      | 144700
1059 |   1       | 144800      | 144800
1060 |   1       | 144900      | 144900
1061 |   1       | 145000      | 145000
1062 |   1       | 145100      | 145100
1063 |   1       | 145200      | 145200
1064 |   1       | 145300      | 145300
1065 |   2  0.144 | 145400 .144 | 145400 145500
1066 |   1       | 145600      | 145600
1067 |   1       | 145700      | 145700
1068 |   1       | 145800      | 145800
1069 |   1       | 145900      | 145900
1070 |   1       | 146000      | 146000
1071 |   2  0.139 | 146100 .139 | 146100 174600
1072 |   1       | 146200      | 146200
1073 |   1       | 146400      | 146400
1074 |   1       | 146500      | 146500
1075 |   1       | 146600      | 146600
1076 |   1       | 146700      | 146700
1077 |   2  0.144 | 146800 .144 | 146800 147100
1078 |   1       | 146900      | 146900
1079 |   1       | 147000      | 147000
1080 |   1       | 147200      | 147200
1081 |   1       | 147300      | 147300
1082 |   1       | 147400      | 147400
1083 |   1       | 147600      | 147600
1084 |   1       | 147700      | 147700
1085 |   1       | 147800      | 147800
1086 |   1       | 147900      | 147900
1087 |   1       | 148000      | 148000
1088 |   1       | 148300      | 148300
1089 |   1       | 148400      | 148400
1090 |   1       | 148600      | 148600
1091 |   1       | 148700      | 148700
1092 |   1       | 148900      | 148900
1093 |   1       | 149000      | 149000
1094 |   2  0.133 | 149100 .133 | 149100 176900
1095 |   2  0.148 | 149300 .148 | 149300 153100
1096 |   1       | 149500      | 149500
1097 |   1       | 149600      | 149600
1098 |   1       | 149700      | 149700
1099 |   1       | 149800      | 149800
1100 |   4  0.181 | 150700 .156 | 150000 150700 151300 153900
1101 |   1       | 150100      | 150100
1102 |   1       | 150300      | 150300
1103 |   1       | 150500      | 150500
1104 |   1       | 150600      | 150600
1105 |   2  0.149 | 150900 .149 | 150900 152700
1106 |   1       | 151000      | 151000
1107 |   1       | 151600      | 151600
1108 |   1       | 151700      | 151700
1109 |   1       | 151900      | 151900
1110 |   1       | 152100      | 152100
1111 |   1       | 152200      | 152200
1112 |   1       | 152300      | 152300
1113 |   1       | 152400      | 152400
1114 |   1       | 152500      | 152500
1115 |   1       | 152600      | 152600
1116 |   1       | 152800      | 152800
1117 |   1       | 152900      | 152900
1118 |   1       | 153000      | 153000
1119 |   2  0.147 | 153400 .147 | 153400 153500
1120 |   1       | 153800      | 153800
1121 |   1       | 154100      | 154100
1122 |   3  0.148 | 154300 .139 | 154300 180600 184500
1123 |   1       | 154400      | 154400
1124 |   1       | 154500      | 154500
1125 |   1       | 154900      | 154900
1126 |   1       | 155000      | 155000
1127 |   1       | 155100      | 155100
1128 |   1       | 155200      | 155200
1129 |   2  0.138 | 155300 .138 | 155300 186700
1130 |   1       | 155400      | 155400
1131 |   1       | 155500      | 155500
1132 |   1       | 155600      | 155600
1133 |   1       | 155800      | 155800
1134 |   1       | 156100      | 156100
1135 |   1       | 156500      | 156500
1136 |   1       | 156600      | 156600
1137 |   1       | 156700      | 156700
1138 |   1       | 156800      | 156800
1139 |   1       | 156900      | 156900
1140 |   1       | 157000      | 157000
1141 |   1       | 157100      | 157100
1142 |   1       | 157200      | 157200
1143 |   1       | 157300      | 157300
1144 |   1       | 157400      | 157400
1145 |   1       | 157500      | 157500
1146 |   1       | 157600      | 157600
1147 |   1       | 157700      | 157700
1148 |   1       | 157800      | 157800
1149 |   1       | 157900      | 157900
1150 |   1       | 158000      | 158000
1151 |   1       | 158100      | 158100
1152 |   1       | 158200      | 158200
1153 |   1       | 158300      | 158300
1154 |   1       | 158400      | 158400
1155 |   1       | 158500      | 158500
1156 |   1       | 158600      | 158600
1157 |   1       | 158700      | 158700
1158 |   1       | 158800      | 158800
1159 |   1       | 158900      | 158900
1160 |   1       | 159000      | 159000
1161 |   1       | 159100      | 159100
1162 |   1       | 159200      | 159200
1163 |   1       | 159300      | 159300
1164 |   1       | 159400      | 159400
1165 |   1       | 159500      | 159500
1166 |   1       | 159600      | 159600
1167 |   1       | 159700      | 159700
1168 |   1       | 159800      | 159800
1169 |   1       | 159900      | 159900
1170 |   1       | 160000      | 160000
1171 |   1       | 160100      | 160100
1172 |   1       | 160200      | 160200
1173 |   1       | 160300      | 160300
1174 |   1       | 160400      | 160400
1175 |   1       | 160500      | 160500
1176 |   1       | 160600      | 160600
1177 |   1       | 160700      | 160700
1178 |   1       | 160800      | 160800
1179 |   1       | 160900      | 160900
1180 |   1       | 161000      | 161000
1181 |   1       | 161100      | 161100
1182 |   1       | 161200      | 161200
1183 |   1       | 161300      | 161300
1184 |   1       | 161400      | 161400
1185 |   1       | 161500      | 161500
1186 |   1       | 161600      | 161600
1187 |   1       | 161700      | 161700
1188 |   1       | 161800      | 161800
1189 |   1       | 161900      | 161900
1190 |   1       | 162000      | 162000
1191 |   1       | 162100      | 162100
1192 |   1       | 162200      | 162200
1193 |   1       | 162300      | 162300
1194 |   1       | 162400      | 162400
1195 |   1       | 162500      | 162500
1196 |   1       | 162600      | 162600
1197 |   1       | 162700      | 162700
1198 |   1       | 162800      | 162800
1199 |   1       | 162900      | 162900
1200 |   1       | 163000      | 163000
1201 |   2  0.147 | 163100 .147 | 163100 163400
1202 |   1       | 163200      | 163200
1203 |   1       | 163300      | 163300
1204 |   1       | 163500      | 163500
1205 |   1       | 163600      | 163600
1206 |   1       | 163700      | 163700
1207 |   1       | 163800      | 163800
1208 |   1       | 163900      | 163900
1209 |   1       | 164000      | 164000
1210 |   1       | 164100      | 164100
1211 |   1       | 164200      | 164200
1212 |   1       | 164300      | 164300
1213 |   1       | 164400      | 164400
1214 |   1       | 164500      | 164500
1215 |   1       | 164600      | 164600
1216 |   1       | 164800      | 164800
1217 |   1       | 164900      | 164900
1218 |   2  0.146 | 165000 .146 | 165000 187700
1219 |   1       | 165200      | 165200
1220 |   1       | 165300      | 165300
1221 |   1       | 165500      | 165500
1222 |   1       | 165600      | 165600
1223 |   1       | 165700      | 165700
1224 |   1       | 165800      | 165800
1225 |   1       | 166000      | 166000
1226 |   1       | 166100      | 166100
1227 |   1       | 166200      | 166200
1228 |   1       | 166300      | 166300
1229 |   1       | 166400      | 166400
1230 |   1       | 166500      | 166500
1231 |   1       | 166700      | 166700
1232 |   1       | 166800      | 166800
1233 |   1       | 166900      | 166900
1234 |   1       | 167000      | 167000
1235 |   1       | 167100      | 167100
1236 |   1       | 167200      | 167200
1237 |   1       | 167300      | 167300
1238 |   1       | 167400      | 167400
1239 |   1       | 167500      | 167500
1240 |   1       | 167600      | 167600
1241 |   1       | 167700      | 167700
1242 |   1       | 167800      | 167800
1243 |   1       | 167900      | 167900
1244 |   1       | 168000      | 168000
1245 |   1       | 168100      | 168100
1246 |   1       | 168200      | 168200
1247 |   1       | 168400      | 168400
1248 |   1       | 168600      | 168600
1249 |   1       | 168700      | 168700
1250 |   1       | 168900      | 168900
1251 |   1       | 169000      | 169000
1252 |   1       | 169100      | 169100
1253 |   1       | 169200      | 169200
1254 |   1       | 169500      | 169500
1255 |   1       | 169700      | 169700
1256 |   1       | 169900      | 169900
1257 |   1       | 170000      | 170000
1258 |   1       | 170100      | 170100
1259 |   1       | 170200      | 170200
1260 |   1       | 170300      | 170300
1261 |   1       | 170400      | 170400
1262 |   1       | 170500      | 170500
1263 |   1       | 170600      | 170600
1264 |   1       | 170700      | 170700
1265 |   1       | 171000      | 171000
1266 |   1       | 171100      | 171100
1267 |   1       | 171400      | 171400
1268 |   1       | 171500      | 171500
1269 |   1       | 171600      | 171600
1270 |   1       | 171700      | 171700
1271 |   1       | 171800      | 171800
1272 |   1       | 171900      | 171900
1273 |   1       | 172300      | 172300
1274 |   1       | 172500      | 172500
1275 |   1       | 172600      | 172600
1276 |   1       | 172800      | 172800
1277 |   1       | 172900      | 172900
1278 |   1       | 173000      | 173000
1279 |   2  0.131 | 173100 .131 | 173100 173200
1280 |   1       | 173300      | 173300
1281 |   1       | 173500      | 173500
1282 |   1       | 173600      | 173600
1283 |   1       | 173700      | 173700
1284 |   1       | 173800      | 173800
1285 |   1       | 173900      | 173900
1286 |   1       | 174200      | 174200
1287 |   1       | 174400      | 174400
1288 |   1       | 174700      | 174700
1289 |   1       | 174800      | 174800
1290 |   1       | 174900      | 174900
1291 |   1       | 175000      | 175000
1292 |   1       | 175200      | 175200
1293 |   1       | 175300      | 175300
1294 |   1       | 175400      | 175400
1295 |   1       | 175500      | 175500
1296 |   1       | 175800      | 175800
1297 |   1       | 176000      | 176000
1298 |   1       | 176200      | 176200
1299 |   1       | 176500      | 176500
1300 |   1       | 176700      | 176700
1301 |   1       | 176800      | 176800
1302 |   1       | 177000      | 177000
1303 |   1       | 177100      | 177100
1304 |   1       | 177300      | 177300
1305 |   1       | 177400      | 177400
1306 |   1       | 177500      | 177500
1307 |   1       | 177600      | 177600
1308 |   2  0.143 | 177700 .143 | 177700 194900
1309 |   1       | 177800      | 177800
1310 |   1       | 178000      | 178000
1311 |   1       | 178100      | 178100
1312 |   1       | 178200      | 178200
1313 |   1       | 178300      | 178300
1314 |   1       | 178400      | 178400
1315 |   1       | 178500      | 178500
1316 |   1       | 178600      | 178600
1317 |   1       | 178700      | 178700
1318 |   1       | 178800      | 178800
1319 |   1       | 178900      | 178900
1320 |   1       | 179100      | 179100
1321 |   1       | 179200      | 179200
1322 |   1       | 179300      | 179300
1323 |   1       | 179400      | 179400
1324 |   1       | 179500      | 179500
1325 |   1       | 179700      | 179700
1326 |   1       | 180300      | 180300
1327 |   1       | 180400      | 180400
1328 |   1       | 180500      | 180500
1329 |   1       | 181000      | 181000
1330 |   1       | 181100      | 181100
1331 |   1       | 181200      | 181200
1332 |   1       | 181300      | 181300
1333 |   1       | 181400      | 181400
1334 |   1       | 181600      | 181600
1335 |   1       | 181700      | 181700
1336 |   1       | 181800      | 181800
1337 |   1       | 181900      | 181900
1338 |   1       | 182000      | 182000
1339 |   1       | 182100      | 182100
1340 |   2  0.149 | 182200 .149 | 182200 182300
1341 |   1       | 182500      | 182500
1342 |   1       | 182600      | 182600
1343 |   1       | 182700      | 182700
1344 |   1       | 182800      | 182800
1345 |   1       | 182900      | 182900
1346 |   1       | 183400      | 183400
1347 |   1       | 183500      | 183500
1348 |   1       | 183600      | 183600
1349 |   1       | 183700      | 183700
1350 |   1       | 183800      | 183800
1351 |   1       | 183900      | 183900
1352 |   1       | 184000      | 184000
1353 |   1       | 184300      | 184300
1354 |   1       | 184700      | 184700
1355 |   1       | 184800      | 184800
1356 |   1       | 185000      | 185000
1357 |   1       | 185100      | 185100
1358 |   1       | 185200      | 185200
1359 |   1       | 185300      | 185300
1360 |   1       | 185400      | 185400
1361 |   1       | 185500      | 185500
1362 |   1       | 185600      | 185600
1363 |   1       | 185900      | 185900
1364 |   1       | 186100      | 186100
1365 |   1       | 186300      | 186300
1366 |   1       | 187000      | 187000
1367 |   1       | 187200      | 187200
1368 |   1       | 187500      | 187500
1369 |   1       | 187800      | 187800
1370 |   1       | 187900      | 187900
1371 |   1       | 188000      | 188000
1372 |   1       | 188200      | 188200
1373 |   1       | 188300      | 188300
1374 |   1       | 188400      | 188400
1375 |   1       | 188500      | 188500
1376 |   1       | 188800      | 188800
1377 |   1       | 188900      | 188900
1378 |   1       | 189100      | 189100
1379 |   1       | 189300      | 189300
1380 |   1       | 189400      | 189400
1381 |   1       | 189500      | 189500
1382 |   1       | 189800      | 189800
1383 |   1       | 189900      | 189900
1384 |   1       | 190000      | 190000
1385 |   1       | 190100      | 190100
1386 |   1       | 190200      | 190200
1387 |   1       | 190300      | 190300
1388 |   1       | 190400      | 190400
1389 |   1       | 190500      | 190500
1390 |   2  0.119 | 190600 .119 | 190600 190700
1391 |   3  0.138 | 191000 .125 | 191000 191200 191300
1392 |   1       | 191100      | 191100
1393 |   1       | 191400      | 191400
1394 |   1       | 191500      | 191500
1395 |   1       | 191600      | 191600
1396 |   1       | 191700      | 191700
1397 |   1       | 191800      | 191800
1398 |   1       | 192300      | 192300
1399 |   1       | 192700      | 192700
1400 |   1       | 192800      | 192800
1401 |   1       | 193100      | 193100
1402 |   1       | 193600      | 193600
1403 |   1       | 193800      | 193800
1404 |   1       | 193900      | 193900
1405 |   1       | 194000      | 194000
1406 |   1       | 194300      | 194300
1407 |   1       | 194400      | 194400
1408 |   1       | 195100      | 195100
1409 |   1       | 195200      | 195200
1410 |   1       | 195500      | 195500
1411 |   1       | 195700      | 195700
1412 |   2  0.150 | 195900 .150 | 195900 196000
1413 |   1       | 196100      | 196100
1414 |   1       | 196400      | 196400
1415 |   1       | 196500      | 196500
1416 |   1       | 196600      | 196600
1417 |   1       | 196700      | 196700
1418 |   1       | 196800      | 196800
1419 |   1       | 196900      | 196900
1420 |   1       | 197000      | 197000
1421 |   1       | 197300      | 197300
1422 |   1       | 197400      | 197400
1423 |   1       | 197500      | 197500
1424 |   1       | 197600      | 197600
1425 |   1       | 197700      | 197700
1426 |   1       | 197800      | 197800
1427 |   1       | 197900      | 197900
1428 |   1       | 198000      | 198000
1429 |   1       | 198100      | 198100
1430 |   1       | 198200      | 198200
1431 |   1       | 198300      | 198300
1432 |   1       | 198400      | 198400
1433 |   1       | 198500      | 198500
1434 |   1       | 198600      | 198600
1435 |   1       | 198700      | 198700
1436 |   1       | 198800      | 198800
1437 |   1       | 198900      | 198900
1438 |   2  0.105 | 199000 .105 | 199000 199100
1439 |   1       | 199200      | 199200
1440 |   1       | 199300      | 199300
1441 |   1       | 199400      | 199400
1442 |   1       | 199500      | 199500
1443 |   1       | 199600      | 199600
1444 |   1       | 199700      | 199700
1445 |   1       | 199800      | 199800
1446 |   1       | 199900      | 199900
1447 |   1       | 200000      | 200000
